[debug] [2022-08-15T12:23:44.277Z] ----------------------------------------------------------------------
[debug] [2022-08-15T12:23:44.280Z] Command:       C:\Program Files\nodejs\node.exe C:\Users\musfi\AppData\Roaming\npm\node_modules\firebase-tools\lib\bin\firebase.js init
[debug] [2022-08-15T12:23:44.281Z] CLI Version:   11.6.0
[debug] [2022-08-15T12:23:44.281Z] Platform:      win32
[debug] [2022-08-15T12:23:44.281Z] Node Version:  v16.16.0
[debug] [2022-08-15T12:23:44.283Z] Time:          Mon Aug 15 2022 18:23:44 GMT+0600 (Bangladesh Standard Time)
[debug] [2022-08-15T12:23:44.283Z] ----------------------------------------------------------------------
[debug] 
[debug] [2022-08-15T12:23:44.295Z] > command requires scopes: ["email","openid","https://www.googleapis.com/auth/cloudplatformprojects.readonly","https://www.googleapis.com/auth/firebase","https://www.googleapis.com/auth/cloud-platform"]
[debug] [2022-08-15T12:23:44.296Z] > authorizing via signed-in user (musfiquerrhman@gmail.com)
[info] 
     ######## #### ########  ######## ########     ###     ######  ########
     ##        ##  ##     ## ##       ##     ##  ##   ##  ##       ##
     ######    ##  ########  ######   ########  #########  ######  ######
     ##        ##  ##    ##  ##       ##     ## ##     ##       ## ##
     ##       #### ##     ## ######## ########  ##     ##  ######  ########

You're about to initialize a Firebase project in this directory:

  G:\dashboard\dashboard

[info] 
=== Project Setup
[info] 
[info] First, let's associate this project directory with a Firebase project.
[info] You can create multiple project aliases by running firebase use --add, 
[info] but for now we'll just set up a default project.
[info] 
[debug] [2022-08-15T12:23:55.192Z] > refreshing access token with scopes: []
[debug] [2022-08-15T12:23:55.194Z] >>> [apiv2][query] POST https://www.googleapis.com/oauth2/v3/token [none]
[debug] [2022-08-15T12:23:55.194Z] >>> [apiv2][body] POST https://www.googleapis.com/oauth2/v3/token [omitted]
[debug] [2022-08-15T12:23:55.598Z] <<< [apiv2][status] POST https://www.googleapis.com/oauth2/v3/token 200
[debug] [2022-08-15T12:23:55.598Z] <<< [apiv2][body] POST https://www.googleapis.com/oauth2/v3/token [omitted]
[debug] [2022-08-15T12:23:55.621Z] >>> [apiv2][query] GET https://firebase.googleapis.com/v1beta1/projects pageSize=100
[debug] [2022-08-15T12:23:56.492Z] <<< [apiv2][status] GET https://firebase.googleapis.com/v1beta1/projects 200
[debug] [2022-08-15T12:23:56.492Z] <<< [apiv2][body] GET https://firebase.googleapis.com/v1beta1/projects [omitted]
[debug] [2022-08-15T12:24:42.099Z] ----------------------------------------------------------------------
[debug] [2022-08-15T12:24:42.102Z] Command:       C:\Program Files\nodejs\node.exe C:\Users\musfi\AppData\Roaming\npm\node_modules\firebase-tools\lib\bin\firebase.js init
[debug] [2022-08-15T12:24:42.102Z] CLI Version:   11.6.0
[debug] [2022-08-15T12:24:42.103Z] Platform:      win32
[debug] [2022-08-15T12:24:42.103Z] Node Version:  v16.16.0
[debug] [2022-08-15T12:24:42.104Z] Time:          Mon Aug 15 2022 18:24:42 GMT+0600 (Bangladesh Standard Time)
[debug] [2022-08-15T12:24:42.105Z] ----------------------------------------------------------------------
[debug] 
[debug] [2022-08-15T12:24:42.114Z] > command requires scopes: ["email","openid","https://www.googleapis.com/auth/cloudplatformprojects.readonly","https://www.googleapis.com/auth/firebase","https://www.googleapis.com/auth/cloud-platform"]
[debug] [2022-08-15T12:24:42.115Z] > authorizing via signed-in user (musfiquerrhman@gmail.com)
[info] 
     ######## #### ########  ######## ########     ###     ######  ########
     ##        ##  ##     ## ##       ##     ##  ##   ##  ##       ##
     ######    ##  ########  ######   ########  #########  ######  ######
     ##        ##  ##    ##  ##       ##     ## ##     ##       ## ##
     ##       #### ##     ## ######## ########  ##     ##  ######  ########

You're about to initialize a Firebase project in this directory:

  G:\dashboard\dashboard

[info] 
=== Project Setup
[info] 
[info] First, let's associate this project directory with a Firebase project.
[info] You can create multiple project aliases by running firebase use --add, 
[info] but for now we'll just set up a default project.
[info] 
[info] i  If you want to create a project in a Google Cloud organization or folder, please use "firebase projects:create" instead, and return to this command when you've created the project. 
